# JRE version: Java(TM) SE Runtime Environment (10.0.1+10) (build 10.0.1+10)
# Java VM: Java HotSpot(TM) 64-Bit Server VM (10.0.1+10, mixed mode, tiered, compressed oops, g1 gc, windows-amd64)
Heap:
 garbage-first heap   total 131072K, used 51417K [0x0000000081a00000, 0x0000000100000000)
  region size 1024K, 46 young (47104K), 5 survivors (5120K)
 Metaspace       used 31021K, capacity 32033K, committed 32384K, reserved 1077248K
  class space    used 3506K, capacity 3872K, committed 3968K, reserved 1048576K
GC Heap History (10 events):
Event: 1.891 GC heap before
{Heap before GC invocations=0 (full 0):
 garbage-first heap   total 131072K, used 14336K [0x0000000081a00000, 0x0000000100000000)
  region size 1024K, 14 young (14336K), 0 survivors (0K)
 Metaspace       used 8392K, capacity 8572K, committed 8832K, reserved 1056768K
  class space    used 729K, capacity 785K, committed 896K, reserved 1048576K
}
Event: 1.900 GC heap after
{Heap after GC invocations=1 (full 0):
 garbage-first heap   total 131072K, used 5519K [0x0000000081a00000, 0x0000000100000000)
  region size 1024K, 2 young (2048K), 2 survivors (2048K)
 Metaspace       used 8392K, capacity 8572K, committed 8832K, reserved 1056768K
  class space    used 729K, capacity 785K, committed 896K, reserved 1048576K
}
Event: 2.226 GC heap before
{Heap before GC invocations=1 (full 0):
 garbage-first heap   total 131072K, used 13711K [0x0000000081a00000, 0x0000000100000000)
  region size 1024K, 10 young (10240K), 2 survivors (2048K)
 Metaspace       used 10118K, capacity 10395K, committed 10624K, reserved 1058816K
  class space    used 942K, capacity 1054K, committed 1152K, reserved 1048576K
}
Event: 2.228 GC heap after
{Heap after GC invocations=2 (full 0):
 garbage-first heap   total 131072K, used 5882K [0x0000000081a00000, 0x0000000100000000)
  region size 1024K, 1 young (1024K), 1 survivors (1024K)
 Metaspace       used 10118K, capacity 10395K, committed 10624K, reserved 1058816K
  class space    used 942K, capacity 1054K, committed 1152K, reserved 1048576K
}
Event: 3.026 GC heap before
{Heap before GC invocations=2 (full 0):
 garbage-first heap   total 131072K, used 32506K [0x0000000081a00000, 0x0000000100000000)
  region size 1024K, 27 young (27648K), 1 survivors (1024K)
 Metaspace       used 14961K, capacity 15532K, committed 15872K, reserved 1062912K
  class space    used 1520K, capacity 1733K, committed 1792K, reserved 1048576K
}
Event: 3.029 GC heap after
{Heap after GC invocations=3 (full 0):
 garbage-first heap   total 131072K, used 7428K [0x0000000081a00000, 0x0000000100000000)
  region size 1024K, 2 young (2048K), 2 survivors (2048K)
 Metaspace       used 14961K, capacity 15532K, committed 15872K, reserved 1062912K
  class space    used 1520K, capacity 1733K, committed 1792K, reserved 1048576K
}
Event: 3.762 GC heap before
{Heap before GC invocations=3 (full 0):
 garbage-first heap   total 131072K, used 37124K [0x0000000081a00000, 0x0000000100000000)
  region size 1024K, 32 young (32768K), 2 survivors (2048K)
 Metaspace       used 20351K, capacity 20954K, committed 21248K, reserved 1069056K
  class space    used 2179K, capacity 2435K, committed 2560K, reserved 1048576K
}
Event: 3.767 GC heap after
{Heap after GC invocations=4 (full 0):
 garbage-first heap   total 131072K, used 8775K [0x0000000081a00000, 0x0000000100000000)
  region size 1024K, 4 young (4096K), 4 survivors (4096K)
 Metaspace       used 20351K, capacity 20954K, committed 21248K, reserved 1069056K
  class space    used 2179K, capacity 2435K, committed 2560K, reserved 1048576K
}
Event: 4.721 GC heap before
{Heap before GC invocations=5 (full 0):
 garbage-first heap   total 131072K, used 57927K [0x0000000081a00000, 0x0000000100000000)
  region size 1024K, 52 young (53248K), 4 survivors (4096K)
 Metaspace       used 27997K, capacity 28847K, committed 29184K, reserved 1075200K
  class space    used 3134K, capacity 3475K, committed 3584K, reserved 1048576K
}
Event: 4.730 GC heap after
{Heap after GC invocations=6 (full 0):
 garbage-first heap   total 131072K, used 10457K [0x0000000081a00000, 0x0000000100000000)
  region size 1024K, 5 young (5120K), 5 survivors (5120K)
 Metaspace       used 27997K, capacity 28847K, committed 29184K, reserved 1075200K
  class space    used 3134K, capacity 3475K, committed 3584K, reserved 1048576K
}

