# JRE version: Java(TM) SE Runtime Environment (10.0.1+10) (build 10.0.1+10)
# Java VM: Java HotSpot(TM) 64-Bit Server VM (10.0.1+10, mixed mode, tiered, compressed oops, g1 gc, windows-amd64)
Heap:
 garbage-first heap   total 157696K, used 66797K [0x0000000081a00000, 0x0000000100000000)
  region size 1024K, 56 young (57344K), 6 survivors (6144K)
 Metaspace       used 41694K, capacity 43123K, committed 43520K, reserved 1087488K
  class space    used 4731K, capacity 5309K, committed 5376K, reserved 1048576K
GC Heap History (10 events):
Event: 1.788 GC heap before
{Heap before GC invocations=2 (full 0):
 garbage-first heap   total 131072K, used 33608K [0x0000000081a00000, 0x0000000100000000)
  region size 1024K, 28 young (28672K), 1 survivors (1024K)
 Metaspace       used 15442K, capacity 15974K, committed 16128K, reserved 1062912K
  class space    used 1567K, capacity 1773K, committed 1792K, reserved 1048576K
}
Event: 1.795 GC heap after
{Heap after GC invocations=3 (full 0):
 garbage-first heap   total 131072K, used 7549K [0x0000000081a00000, 0x0000000100000000)
  region size 1024K, 3 young (3072K), 3 survivors (3072K)
 Metaspace       used 15442K, capacity 15974K, committed 16128K, reserved 1062912K
  class space    used 1567K, capacity 1773K, committed 1792K, reserved 1048576K
}
Event: 2.752 GC heap before
{Heap before GC invocations=3 (full 0):
 garbage-first heap   total 131072K, used 35197K [0x0000000081a00000, 0x0000000100000000)
  region size 1024K, 31 young (31744K), 3 survivors (3072K)
 Metaspace       used 20297K, capacity 20947K, committed 21296K, reserved 1069056K
  class space    used 2171K, capacity 2432K, committed 2432K, reserved 1048576K
}
Event: 2.757 GC heap after
{Heap after GC invocations=4 (full 0):
 garbage-first heap   total 131072K, used 8765K [0x0000000081a00000, 0x0000000100000000)
  region size 1024K, 4 young (4096K), 4 survivors (4096K)
 Metaspace       used 20297K, capacity 20947K, committed 21296K, reserved 1069056K
  class space    used 2171K, capacity 2432K, committed 2432K, reserved 1048576K
}
Event: 4.256 GC heap before
{Heap before GC invocations=5 (full 0):
 garbage-first heap   total 131072K, used 82493K [0x0000000081a00000, 0x0000000100000000)
  region size 1024K, 76 young (77824K), 4 survivors (4096K)
 Metaspace       used 29488K, capacity 30430K, committed 30848K, reserved 1077248K
  class space    used 3316K, capacity 3674K, committed 3712K, reserved 1048576K
}
Event: 4.266 GC heap after
{Heap after GC invocations=6 (full 0):
 garbage-first heap   total 131072K, used 11729K [0x0000000081a00000, 0x0000000100000000)
  region size 1024K, 7 young (7168K), 7 survivors (7168K)
 Metaspace       used 29488K, capacity 30430K, committed 30848K, reserved 1077248K
  class space    used 3316K, capacity 3674K, committed 3712K, reserved 1048576K
}
Event: 5.199 GC heap before
{Heap before GC invocations=6 (full 0):
 garbage-first heap   total 131072K, used 60881K [0x0000000081a00000, 0x0000000100000000)
  region size 1024K, 56 young (57344K), 7 survivors (7168K)
 Metaspace       used 34358K, capacity 35458K, committed 35708K, reserved 1081344K
  class space    used 3912K, capacity 4340K, committed 4352K, reserved 1048576K
}
Event: 5.211 GC heap after
{Heap after GC invocations=7 (full 0):
 garbage-first heap   total 131072K, used 14244K [0x0000000081a00000, 0x0000000100000000)
  region size 1024K, 7 young (7168K), 7 survivors (7168K)
 Metaspace       used 34358K, capacity 35458K, committed 35708K, reserved 1081344K
  class space    used 3912K, capacity 4340K, committed 4352K, reserved 1048576K
}
Event: 7.135 GC heap before
{Heap before GC invocations=8 (full 0):
 garbage-first heap   total 131072K, used 84900K [0x0000000081a00000, 0x0000000100000000)
  region size 1024K, 76 young (77824K), 7 survivors (7168K)
 Metaspace       used 39726K, capacity 40968K, committed 41472K, reserved 1085440K
  class space    used 4508K, capacity 5032K, committed 5120K, reserved 1048576K
}
Event: 7.147 GC heap after
{Heap after GC invocations=9 (full 0):
 garbage-first heap   total 157696K, used 16621K [0x0000000081a00000, 0x0000000100000000)
  region size 1024K, 6 young (6144K), 6 survivors (6144K)
 Metaspace       used 39726K, capacity 40968K, committed 41472K, reserved 1085440K
  class space    used 4508K, capacity 5032K, committed 5120K, reserved 1048576K
}

